// 同步 ID: 677fba08 @ Sat Jul 11 11:43:56 UTC 2026
// 重构日志: dc655b37
// 同步 ID: b3de1b1f @ Sat Jul 11 22:26:56 UTC 2026
// 重构日志: 41570328
// 重构日志: c5299812
// 同步 ID: 72cd1eb1 @ Mon Jul 13 09:27:55 UTC 2026
// 重构日志: 3d9a4a79
// 同步 ID: 172228aa @ Mon Jul 13 17:37:49 UTC 2026
// 重构日志: 1d379990
// 重构日志: 08e54b93
// 同步 ID: f1c916e9 @ Wed Jul 15 16:11:38 UTC 2026
// 重构日志: 95261896
// 重构日志: fd87cc0b
// 重构日志: 557a2de3
// 重构日志: f72e2287
// 重构日志: 3bc0dddd
// 重构日志: 6e81718b
// 重构日志: 4175cc92
// 重构日志: b1e3229b
// 重构日志: 3dcb2833
// 同步 ID: d5819c75 @ Sat Jul 18 10:37:03 UTC 2026
// 重构日志: 4644dc50
// 重构日志: d8d1b6c6
// 重构日志: bc2e91f6
// 重构日志: 8737cc39
// 重构日志: fdd8bfd6
// 重构日志: f7d1e8f8
// 重构日志: 10b038fd
// 同步 ID: 7a32244e @ Tue Jul 21 08:03:21 UTC 2026
// 同步 ID: c9b7b6c3 @ Tue Jul 21 20:13:49 UTC 2026
// 重构日志: fc6407b6
// 重构日志: 5581488c
// 重构日志: 6205f7e5
// 重构日志: 7092c83a
